<?xml version="1.0" encoding="UTF-8"?>
<!-- Generated by org.testng.reporters.JUnitReportReporter -->
<testsuite hostname="DESKTOP-S7E68CE" failures="0" tests="1" name="com.tataaig.testcases.CarDetailsPageTest" time="3.301" errors="0" timestamp="25 Oct 2020 13:33:48 GMT" skipped="0">
  <testcase classname="com.tataaig.testcases.CarDetailsPageTest" name="carDetailsPageTest" time="3.301"/>
</testsuite> <!-- com.tataaig.testcases.CarDetailsPageTest -->
