<?xml version="1.0" encoding="UTF-8"?>
<!-- Generated by org.testng.reporters.JUnitReportReporter -->
<testsuite hostname="DESKTOP-S7E68CE" failures="0" tests="1" name="com.tataaig.testcases.HomePageTest" time="1.470" errors="0" timestamp="25 Oct 2020 17:08:29 GMT" skipped="0">
  <testcase classname="com.tataaig.testcases.HomePageTest" name="HomePageTitleTest" time="1.470"/>
</testsuite> <!-- com.tataaig.testcases.HomePageTest -->
