<?xml version="1.0" encoding="UTF-8"?>
<!-- Generated by org.testng.reporters.JUnitReportReporter -->
<testsuite hostname="DESKTOP-S7E68CE" failures="0" tests="1" name="com.tataaig.testcases.CarDetailsPageTest" time="2.822" errors="0" timestamp="25 Oct 2020 09:06:46 GMT" skipped="0">
  <testcase classname="com.tataaig.testcases.CarDetailsPageTest" name="carDetailsPageTest" time="2.822"/>
</testsuite> <!-- com.tataaig.testcases.CarDetailsPageTest -->
