<?xml version="1.0" encoding="UTF-8"?>
<!-- Generated by org.testng.reporters.JUnitReportReporter -->
<testsuite hostname="DESKTOP-S7E68CE" failures="0" tests="1" name="com.tataaig.testcases.PurchaseCarInsuranceTest" time="12.470" errors="0" timestamp="25 Oct 2020 17:43:12 GMT" skipped="0">
  <testcase classname="com.tataaig.testcases.PurchaseCarInsuranceTest" name="purchaseCarInsurance" time="12.470"/>
</testsuite> <!-- com.tataaig.testcases.PurchaseCarInsuranceTest -->
